Arguments: 
  /usr/local/bin/node /usr/local/Cellar/yarn/1.3.2/libexec/bin/yarn.js add --dev webpack webpack-dev-server

PATH: 
  /usr/local/bin:/usr/bin:/bin:/usr/sbin:/sbin

Yarn version: 
  1.3.2

Node version: 
  8.9.1

Platform: 
  darwin x64

npm manifest: 
  {
    "name": "react-movies-app",
    "version": "1.0.0",
    "main": "index.js",
    "author": "Senthil S",
    "license": "MIT"
  }

yarn manifest: 
  No manifest

Lockfile: 
  No lockfile

Trace: 
  Error: connect ECONNREFUSED 104.16.60.173:443
      at Object._errnoException (util.js:1024:11)
      at _exceptionWithHostPort (util.js:1046:20)
      at TCPConnectWrap.afterConnect [as oncomplete] (net.js:1182:14)
